Start testing: Apr 25 20:08 JST
----------------------------------------------------------
1/4 Testing: test_irs
1/4 Test: test_irs
Command: "/Users/takamasa-naruse/Documents/study/xva_project/build/test_irs"
Directory: /Users/takamasa-naruse/Documents/study/xva_project/build
"test_irs" start time: Apr 25 20:08 JST
Output:
----------------------------------------------------------
ATM swap NPV at t=0: 0 (should be ~0)
PASS: test_par_swap_zero_npv
Payer NPV: 2078.93, Receiver NPV: -2078.93
PASS: test_payer_receiver_symmetry

All IRS tests passed!
<end of output>
Test time =   0.18 sec
----------------------------------------------------------
Test Passed.
"test_irs" end time: Apr 25 20:08 JST
"test_irs" time elapsed: 00:00:00
----------------------------------------------------------

2/4 Testing: test_hw_model
2/4 Test: test_hw_model
Command: "/Users/takamasa-naruse/Documents/study/xva_project/build/test_hw_model"
Directory: /Users/takamasa-naruse/Documents/study/xva_project/build
"test_hw_model" start time: Apr 25 20:08 JST
Output:
----------------------------------------------------------
P(0,1): HW=0.970446 mkt=0.970446 diff=0
P(0,2): HW=0.941765 mkt=0.941765 diff=0
P(0,5): HW=0.860708 mkt=0.860708 diff=0
P(0,10): HW=0.740818 mkt=0.740818 diff=0
PASS: test_bond_price_at_0
PASS: test_variance_positive
Mean r(1yr): 0.0300938 (expected ~0.03 without antithetic, ~0 with)
PASS: test_simulation_mean

All HW model tests passed!
<end of output>
Test time =   0.23 sec
----------------------------------------------------------
Test Passed.
"test_hw_model" end time: Apr 25 20:08 JST
"test_hw_model" time elapsed: 00:00:00
----------------------------------------------------------

3/4 Testing: test_exposure
3/4 Test: test_exposure
Command: "/Users/takamasa-naruse/Documents/study/xva_project/build/test_exposure"
Directory: /Users/takamasa-naruse/Documents/study/xva_project/build
"test_exposure" start time: Apr 25 20:08 JST
Output:
----------------------------------------------------------
[20:08:51][INFO ] MC simulation: 2000 paths, 61 time steps, 2 threads
[20:08:51][INFO ] Simulation complete.
PASS: test_ee_nonnegative
[20:08:51][INFO ] MC simulation: 2000 paths, 37 time steps, 2 threads
[20:08:52][INFO ] Simulation complete.
PASS: test_ee_decays_at_maturity (EE(T)=0)

All exposure tests passed!
<end of output>
Test time =   0.99 sec
----------------------------------------------------------
Test Passed.
"test_exposure" end time: Apr 25 20:08 JST
"test_exposure" time elapsed: 00:00:00
----------------------------------------------------------

4/4 Testing: test_xva
4/4 Test: test_xva
Command: "/Users/takamasa-naruse/Documents/study/xva_project/build/test_xva"
Directory: /Users/takamasa-naruse/Documents/study/xva_project/build
"test_xva" start time: Apr 25 20:08 JST
Output:
----------------------------------------------------------
[20:08:52][INFO ] MC simulation: 3000 paths, 61 time steps, 2 threads
[20:08:53][INFO ] Simulation complete.
[20:08:53][INFO ] CVA = -340.3354
[20:08:53][INFO ] DVA = 172.1299
[20:08:53][INFO ] FVA = -174.1225
[20:08:53][INFO ] MVA = -119.4788
[20:08:53][INFO ] Total XVA = -461.8069
CVA=-340.335 DVA=172.13 FVA=-174.123 MVA=-119.479
PASS: test_cva_negative

All XVA tests passed!
<end of output>
Test time =   1.05 sec
----------------------------------------------------------
Test Passed.
"test_xva" end time: Apr 25 20:08 JST
"test_xva" time elapsed: 00:00:01
----------------------------------------------------------

End testing: Apr 25 20:08 JST
